# JRE version: Java(TM) SE Runtime Environment (8.0_181-b13) (build 1.8.0_181-b13)
# Java VM: Java HotSpot(TM) 64-Bit Server VM (25.181-b13 mixed mode windows-amd64 compressed oops)
Heap:
 PSYoungGen      total 25088K, used 4188K [0x00000000d6180000, 0x00000000d7b00000, 0x0000000100000000)
  eden space 24064K, 14% used [0x00000000d6180000,0x00000000d64cf270,0x00000000d7900000)
  from space 1024K, 78% used [0x00000000d7900000,0x00000000d79c8000,0x00000000d7a00000)
  to   space 1024K, 0% used [0x00000000d7a00000,0x00000000d7a00000,0x00000000d7b00000)
 ParOldGen       total 119808K, used 118572K [0x0000000082400000, 0x0000000089900000, 0x00000000d6180000)
  object space 119808K, 98% used [0x0000000082400000,0x00000000897cb238,0x0000000089900000)
 Metaspace       used 5890K, capacity 5921K, committed 6016K, reserved 1056768K
  class space    used 554K, capacity 558K, committed 640K, reserved 1048576K
GC Heap History (10 events):
Event: 369.517 GC heap before
{Heap before GC invocations=380 (full 1):
 PSYoungGen      total 25088K, used 24864K [0x00000000d6180000, 0x00000000d7b00000, 0x0000000100000000)
  eden space 24064K, 100% used [0x00000000d6180000,0x00000000d7900000,0x00000000d7900000)
  from space 1024K, 78% used [0x00000000d7a00000,0x00000000d7ac8000,0x00000000d7b00000)
  to   space 1024K, 0% used [0x00000000d7900000,0x00000000d7900000,0x00000000d7a00000)
 ParOldGen       total 119808K, used 117028K [0x0000000082400000, 0x0000000089900000, 0x00000000d6180000)
  object space 119808K, 97% used [0x0000000082400000,0x0000000089649238,0x0000000089900000)
 Metaspace       used 5890K, capacity 5921K, committed 6016K, reserved 1056768K
  class space    used 554K, capacity 558K, committed 640K, reserved 1048576K
Event: 369.521 GC heap after
Heap after GC invocations=380 (full 1):
 PSYoungGen      total 25088K, used 768K [0x00000000d6180000, 0x00000000d7b00000, 0x0000000100000000)
  eden space 24064K, 0% used [0x00000000d6180000,0x00000000d6180000,0x00000000d7900000)
  from space 1024K, 75% used [0x00000000d7900000,0x00000000d79c0000,0x00000000d7a00000)
  to   space 1024K, 0% used [0x00000000d7a00000,0x00000000d7a00000,0x00000000d7b00000)
 ParOldGen       total 119808K, used 117340K [0x0000000082400000, 0x0000000089900000, 0x00000000d6180000)
  object space 119808K, 97% used [0x0000000082400000,0x0000000089697238,0x0000000089900000)
 Metaspace       used 5890K, capacity 5921K, committed 6016K, reserved 1056768K
  class space    used 554K, capacity 558K, committed 640K, reserved 1048576K
}
Event: 370.379 GC heap before
{Heap before GC invocations=381 (full 1):
 PSYoungGen      total 25088K, used 24832K [0x00000000d6180000, 0x00000000d7b00000, 0x0000000100000000)
  eden space 24064K, 100% used [0x00000000d6180000,0x00000000d7900000,0x00000000d7900000)
  from space 1024K, 75% used [0x00000000d7900000,0x00000000d79c0000,0x00000000d7a00000)
  to   space 1024K, 0% used [0x00000000d7a00000,0x00000000d7a00000,0x00000000d7b00000)
 ParOldGen       total 119808K, used 117340K [0x0000000082400000, 0x0000000089900000, 0x00000000d6180000)
  object space 119808K, 97% used [0x0000000082400000,0x0000000089697238,0x0000000089900000)
 Metaspace       used 5890K, capacity 5921K, committed 6016K, reserved 1056768K
  class space    used 554K, capacity 558K, committed 640K, reserved 1048576K
Event: 370.383 GC heap after
Heap after GC invocations=381 (full 1):
 PSYoungGen      total 25088K, used 736K [0x00000000d6180000, 0x00000000d7b00000, 0x0000000100000000)
  eden space 24064K, 0% used [0x00000000d6180000,0x00000000d6180000,0x00000000d7900000)
  from space 1024K, 71% used [0x00000000d7a00000,0x00000000d7ab8000,0x00000000d7b00000)
  to   space 1024K, 0% used [0x00000000d7900000,0x00000000d7900000,0x00000000d7a00000)
 ParOldGen       total 119808K, used 117644K [0x0000000082400000, 0x0000000089900000, 0x00000000d6180000)
  object space 119808K, 98% used [0x0000000082400000,0x00000000896e3238,0x0000000089900000)
 Metaspace       used 5890K, capacity 5921K, committed 6016K, reserved 1056768K
  class space    used 554K, capacity 558K, committed 640K, reserved 1048576K
}
Event: 372.637 GC heap before
{Heap before GC invocations=382 (full 1):
 PSYoungGen      total 25088K, used 24800K [0x00000000d6180000, 0x00000000d7b00000, 0x0000000100000000)
  eden space 24064K, 100% used [0x00000000d6180000,0x00000000d7900000,0x00000000d7900000)
  from space 1024K, 71% used [0x00000000d7a00000,0x00000000d7ab8000,0x00000000d7b00000)
  to   space 1024K, 0% used [0x00000000d7900000,0x00000000d7900000,0x00000000d7a00000)
 ParOldGen       total 119808K, used 117644K [0x0000000082400000, 0x0000000089900000, 0x00000000d6180000)
  object space 119808K, 98% used [0x0000000082400000,0x00000000896e3238,0x0000000089900000)
 Metaspace       used 5890K, capacity 5921K, committed 6016K, reserved 1056768K
  class space    used 554K, capacity 558K, committed 640K, reserved 1048576K
Event: 372.641 GC heap after
Heap after GC invocations=382 (full 1):
 PSYoungGen      total 25088K, used 800K [0x00000000d6180000, 0x00000000d7b00000, 0x0000000100000000)
  eden space 24064K, 0% used [0x00000000d6180000,0x00000000d6180000,0x00000000d7900000)
  from space 1024K, 78% used [0x00000000d7900000,0x00000000d79c8000,0x00000000d7a00000)
  to   space 1024K, 0% used [0x00000000d7a00000,0x00000000d7a00000,0x00000000d7b00000)
 ParOldGen       total 119808K, used 117948K [0x0000000082400000, 0x0000000089900000, 0x00000000d6180000)
  object space 119808K, 98% used [0x0000000082400000,0x000000008972f238,0x0000000089900000)
 Metaspace       used 5890K, capacity 5921K, committed 6016K, reserved 1056768K
  class space    used 554K, capacity 558K, committed 640K, reserved 1048576K
}
Event: 373.686 GC heap before
{Heap before GC invocations=383 (full 1):
 PSYoungGen      total 25088K, used 24864K [0x00000000d6180000, 0x00000000d7b00000, 0x0000000100000000)
  eden space 24064K, 100% used [0x00000000d6180000,0x00000000d7900000,0x00000000d7900000)
  from space 1024K, 78% used [0x00000000d7900000,0x00000000d79c8000,0x00000000d7a00000)
  to   space 1024K, 0% used [0x00000000d7a00000,0x00000000d7a00000,0x00000000d7b00000)
 ParOldGen       total 119808K, used 117948K [0x0000000082400000, 0x0000000089900000, 0x00000000d6180000)
  object space 119808K, 98% used [0x0000000082400000,0x000000008972f238,0x0000000089900000)
 Metaspace       used 5890K, capacity 5921K, committed 6016K, reserved 1056768K
  class space    used 554K, capacity 558K, committed 640K, reserved 1048576K
Event: 373.690 GC heap after
Heap after GC invocations=383 (full 1):
 PSYoungGen      total 25088K, used 800K [0x00000000d6180000, 0x00000000d7b00000, 0x0000000100000000)
  eden space 24064K, 0% used [0x00000000d6180000,0x00000000d6180000,0x00000000d7900000)
  from space 1024K, 78% used [0x00000000d7a00000,0x00000000d7ac8000,0x00000000d7b00000)
  to   space 1024K, 0% used [0x00000000d7900000,0x00000000d7900000,0x00000000d7a00000)
 ParOldGen       total 119808K, used 118260K [0x0000000082400000, 0x0000000089900000, 0x00000000d6180000)
  object space 119808K, 98% used [0x0000000082400000,0x000000008977d238,0x0000000089900000)
 Metaspace       used 5890K, capacity 5921K, committed 6016K, reserved 1056768K
  class space    used 554K, capacity 558K, committed 640K, reserved 1048576K
}
Event: 376.146 GC heap before
{Heap before GC invocations=384 (full 1):
 PSYoungGen      total 25088K, used 24864K [0x00000000d6180000, 0x00000000d7b00000, 0x0000000100000000)
  eden space 24064K, 100% used [0x00000000d6180000,0x00000000d7900000,0x00000000d7900000)
  from space 1024K, 78% used [0x00000000d7a00000,0x00000000d7ac8000,0x00000000d7b00000)
  to   space 1024K, 0% used [0x00000000d7900000,0x00000000d7900000,0x00000000d7a00000)
 ParOldGen       total 119808K, used 118260K [0x0000000082400000, 0x0000000089900000, 0x00000000d6180000)
  object space 119808K, 98% used [0x0000000082400000,0x000000008977d238,0x0000000089900000)
 Metaspace       used 5890K, capacity 5921K, committed 6016K, reserved 1056768K
  class space    used 554K, capacity 558K, committed 640K, reserved 1048576K
Event: 376.152 GC heap after
Heap after GC invocations=384 (full 1):
 PSYoungGen      total 25088K, used 800K [0x00000000d6180000, 0x00000000d7b00000, 0x0000000100000000)
  eden space 24064K, 0% used [0x00000000d6180000,0x00000000d6180000,0x00000000d7900000)
  from space 1024K, 78% used [0x00000000d7900000,0x00000000d79c8000,0x00000000d7a00000)
  to   space 1024K, 0% used [0x00000000d7a00000,0x00000000d7a00000,0x00000000d7b00000)
 ParOldGen       total 119808K, used 118572K [0x0000000082400000, 0x0000000089900000, 0x00000000d6180000)
  object space 119808K, 98% used [0x0000000082400000,0x00000000897cb238,0x0000000089900000)
 Metaspace       used 5890K, capacity 5921K, committed 6016K, reserved 1056768K
  class space    used 554K, capacity 558K, committed 640K, reserved 1048576K
}

